<?xml version="1.0" encoding="UTF-8"?>
<!-- Generated by org.testng.reporters.JUnitXMLReporter -->
<testsuite ignored="3" hostname="BLR1-LHP-N73106" failures="0" tests="1" name="Default test" time="4.729" errors="0" timestamp="2023-07-04T21:15:31 IST">
  <testcase classname="com.poc.Duplicate.ValidLogintoCheckout" name="TS04_InvalidLogin" time="0.277"/>
  <testcase classname="com.poc.Duplicate.ValidLogintoCheckout" name="TS02_ValidateCartPage" time="0.0">
    <ignored/>
  </testcase> <!-- TS02_ValidateCartPage -->
  <testcase classname="com.poc.Duplicate.ValidLogintoCheckout" name="TS03_ValidateCartAfterRemovingProdut" time="0.0">
    <ignored/>
  </testcase> <!-- TS03_ValidateCartAfterRemovingProdut -->
  <testcase classname="com.poc.Duplicate.ValidLogintoCheckout" name="TS01_ValidLogintoCheckout" time="0.0">
    <ignored/>
  </testcase> <!-- TS01_ValidLogintoCheckout -->
</testsuite> <!-- Default test -->
