<?xml version="1.0" encoding="UTF-8"?>
<!-- Generated by org.testng.reporters.JUnitXMLReporter -->
<testsuite ignored="0" hostname="BLR1-LHP-N73106" failures="0" tests="4" name="Test" time="26.215" errors="0" timestamp="2023-07-05T18:47:49 IST">
  <testcase classname="com.poc.Duplicate.ValidLogintoCheckout" name="TS01_ValidLogintoCheckout" time="2.102"/>
  <testcase classname="com.poc.Duplicate.ValidLogintoCheckout" name="TS02_ValidateCartPage" time="1.2"/>
  <testcase classname="com.poc.Duplicate.ValidLogintoCheckout" name="TS03_ValidateCartAfterRemovingProdut" time="1.116"/>
  <testcase classname="com.poc.Duplicate.ValidLogintoCheckout" name="TS04_InvalidLogin" time="0.465"/>
</testsuite> <!-- Test -->
