<?xml version="1.0" encoding="UTF-8"?>
<testng-results ignored="0" total="4" passed="4" failed="0" skipped="0">
  <reporter-output>
  </reporter-output>
  <suite started-at="2023-07-05T18:42:53 IST" name="Suite" finished-at="2023-07-05T18:43:20 IST" duration-ms="27437">
    <groups>
    </groups>
    <test started-at="2023-07-05T18:42:53 IST" name="Test" finished-at="2023-07-05T18:43:20 IST" duration-ms="27437">
      <class name="com.poc.Duplicate.ValidLogintoCheckout">
        <test-method is-config="true" signature="beforeMethod()[pri:0, instance:com.poc.Duplicate.ValidLogintoCheckout@1de76cc7]" started-at="2023-07-05T18:42:53 IST" name="beforeMethod" finished-at="2023-07-05T18:42:59 IST" duration-ms="6067" status="PASS">
          <reporter-output>
          </reporter-output>
        </test-method> <!-- beforeMethod -->
        <test-method signature="TS01_ValidLogintoCheckout()[pri:0, instance:com.poc.Duplicate.ValidLogintoCheckout@1de76cc7]" started-at="2023-07-05T18:42:59 IST" name="TS01_ValidLogintoCheckout" description="Valid login add to cart and checkout" finished-at="2023-07-05T18:43:01 IST" duration-ms="2072" status="PASS">
          <reporter-output>
          </reporter-output>
        </test-method> <!-- TS01_ValidLogintoCheckout -->
        <test-method is-config="true" signature="afterMethod()[pri:0, instance:com.poc.Duplicate.ValidLogintoCheckout@1de76cc7]" started-at="2023-07-05T18:43:01 IST" name="afterMethod" finished-at="2023-07-05T18:43:01 IST" duration-ms="310" status="PASS">
          <reporter-output>
          </reporter-output>
        </test-method> <!-- afterMethod -->
        <test-method is-config="true" signature="beforeMethod()[pri:0, instance:com.poc.Duplicate.ValidLogintoCheckout@1de76cc7]" started-at="2023-07-05T18:43:01 IST" name="beforeMethod" finished-at="2023-07-05T18:43:07 IST" duration-ms="5985" status="PASS">
          <reporter-output>
          </reporter-output>
        </test-method> <!-- beforeMethod -->
        <test-method signature="TS02_ValidateCartPage()[pri:0, instance:com.poc.Duplicate.ValidLogintoCheckout@1de76cc7]" started-at="2023-07-05T18:43:07 IST" name="TS02_ValidateCartPage" description="Validate cart page" finished-at="2023-07-05T18:43:08 IST" duration-ms="1092" status="PASS">
          <reporter-output>
          </reporter-output>
        </test-method> <!-- TS02_ValidateCartPage -->
        <test-method is-config="true" signature="afterMethod()[pri:0, instance:com.poc.Duplicate.ValidLogintoCheckout@1de76cc7]" started-at="2023-07-05T18:43:08 IST" name="afterMethod" finished-at="2023-07-05T18:43:09 IST" duration-ms="322" status="PASS">
          <reporter-output>
          </reporter-output>
        </test-method> <!-- afterMethod -->
        <test-method is-config="true" signature="beforeMethod()[pri:0, instance:com.poc.Duplicate.ValidLogintoCheckout@1de76cc7]" started-at="2023-07-05T18:43:09 IST" name="beforeMethod" finished-at="2023-07-05T18:43:13 IST" duration-ms="4585" status="PASS">
          <reporter-output>
          </reporter-output>
        </test-method> <!-- beforeMethod -->
        <test-method signature="TS03_ValidateCartAfterRemovingProdut()[pri:0, instance:com.poc.Duplicate.ValidLogintoCheckout@1de76cc7]" started-at="2023-07-05T18:43:13 IST" name="TS03_ValidateCartAfterRemovingProdut" description="Validate cart by removing one product" finished-at="2023-07-05T18:43:14 IST" duration-ms="1155" status="PASS">
          <reporter-output>
          </reporter-output>
        </test-method> <!-- TS03_ValidateCartAfterRemovingProdut -->
        <test-method is-config="true" signature="afterMethod()[pri:0, instance:com.poc.Duplicate.ValidLogintoCheckout@1de76cc7]" started-at="2023-07-05T18:43:14 IST" name="afterMethod" finished-at="2023-07-05T18:43:15 IST" duration-ms="319" status="PASS">
          <reporter-output>
          </reporter-output>
        </test-method> <!-- afterMethod -->
        <test-method is-config="true" signature="beforeMethod()[pri:0, instance:com.poc.Duplicate.ValidLogintoCheckout@1de76cc7]" started-at="2023-07-05T18:43:15 IST" name="beforeMethod" finished-at="2023-07-05T18:43:19 IST" duration-ms="4639" status="PASS">
          <reporter-output>
          </reporter-output>
        </test-method> <!-- beforeMethod -->
        <test-method signature="TS04_InvalidLogin()[pri:0, instance:com.poc.Duplicate.ValidLogintoCheckout@1de76cc7]" started-at="2023-07-05T18:43:19 IST" name="TS04_InvalidLogin" description="InvalidLogin" finished-at="2023-07-05T18:43:20 IST" duration-ms="477" status="PASS">
          <reporter-output>
          </reporter-output>
        </test-method> <!-- TS04_InvalidLogin -->
        <test-method is-config="true" signature="afterMethod()[pri:0, instance:com.poc.Duplicate.ValidLogintoCheckout@1de76cc7]" started-at="2023-07-05T18:43:20 IST" name="afterMethod" finished-at="2023-07-05T18:43:20 IST" duration-ms="326" status="PASS">
          <reporter-output>
          </reporter-output>
        </test-method> <!-- afterMethod -->
      </class> <!-- com.poc.Duplicate.ValidLogintoCheckout -->
    </test> <!-- Test -->
  </suite> <!-- Suite -->
</testng-results>
